d:\development\chai3d-3.2.0\extras\glfw\lib\debug\win32\glfw.bsc
d:\development\chai3d-3.2.0\extras\glfw\obj\debug\win32\input.sbr
d:\development\chai3d-3.2.0\extras\glfw\obj\debug\win32\input.obj
d:\development\chai3d-3.2.0\extras\glfw\obj\debug\win32\egl_context.sbr
d:\development\chai3d-3.2.0\extras\glfw\obj\debug\win32\egl_context.obj
d:\development\chai3d-3.2.0\extras\glfw\obj\debug\win32\init.sbr
d:\development\chai3d-3.2.0\extras\glfw\obj\debug\win32\init.obj
d:\development\chai3d-3.2.0\extras\glfw\obj\debug\win32\window.sbr
d:\development\chai3d-3.2.0\extras\glfw\obj\debug\win32\window.obj
d:\development\chai3d-3.2.0\extras\glfw\obj\debug\win32\monitor.sbr
d:\development\chai3d-3.2.0\extras\glfw\obj\debug\win32\monitor.obj
d:\development\chai3d-3.2.0\extras\glfw\obj\debug\win32\win32_tls.sbr
d:\development\chai3d-3.2.0\extras\glfw\obj\debug\win32\win32_tls.obj
d:\development\chai3d-3.2.0\extras\glfw\obj\debug\win32\wgl_context.sbr
d:\development\chai3d-3.2.0\extras\glfw\obj\debug\win32\wgl_context.obj
d:\development\chai3d-3.2.0\extras\glfw\obj\debug\win32\win32_window.sbr
d:\development\chai3d-3.2.0\extras\glfw\obj\debug\win32\win32_window.obj
d:\development\chai3d-3.2.0\extras\glfw\obj\debug\win32\vulkan.sbr
d:\development\chai3d-3.2.0\extras\glfw\obj\debug\win32\vulkan.obj
d:\development\chai3d-3.2.0\extras\glfw\obj\debug\win32\win32_monitor.sbr
d:\development\chai3d-3.2.0\extras\glfw\obj\debug\win32\win32_monitor.obj
d:\development\chai3d-3.2.0\extras\glfw\obj\debug\win32\win32_init.sbr
d:\development\chai3d-3.2.0\extras\glfw\obj\debug\win32\win32_init.obj
d:\development\chai3d-3.2.0\extras\glfw\obj\debug\win32\win32_time.sbr
d:\development\chai3d-3.2.0\extras\glfw\obj\debug\win32\win32_time.obj
d:\development\chai3d-3.2.0\extras\glfw\obj\debug\win32\context.sbr
d:\development\chai3d-3.2.0\extras\glfw\obj\debug\win32\context.obj
d:\development\chai3d-3.2.0\extras\glfw\obj\debug\win32\win32_joystick.sbr
d:\development\chai3d-3.2.0\extras\glfw\obj\debug\win32\win32_joystick.obj
d:\development\chai3d-3.2.0\extras\glfw\lib\debug\win32\glfw.pdb
d:\development\chai3d-3.2.0\extras\glfw\lib\debug\win32\glfw.lib
d:\development\chai3d-3.2.0\extras\glfw\lib/debug/win32/glfw.lib
d:\development\chai3d-3.2.0\extras\glfw\obj\debug\win32\glfw.tlog\bscmake.command.1.tlog
d:\development\chai3d-3.2.0\extras\glfw\obj\debug\win32\glfw.tlog\bscmake.read.1.tlog
d:\development\chai3d-3.2.0\extras\glfw\obj\debug\win32\glfw.tlog\bscmake.write.1.tlog
d:\development\chai3d-3.2.0\extras\glfw\obj\debug\win32\glfw.tlog\cl.command.1.tlog
d:\development\chai3d-3.2.0\extras\glfw\obj\debug\win32\glfw.tlog\cl.read.1.tlog
d:\development\chai3d-3.2.0\extras\glfw\obj\debug\win32\glfw.tlog\cl.write.1.tlog
d:\development\chai3d-3.2.0\extras\glfw\obj\debug\win32\glfw.tlog\lib-link.read.1.tlog
d:\development\chai3d-3.2.0\extras\glfw\obj\debug\win32\glfw.tlog\lib-link.write.1.tlog
d:\development\chai3d-3.2.0\extras\glfw\obj\debug\win32\glfw.tlog\lib.command.1.tlog
